PIZDEC-21:16:13.760 [restartedMain] INFO  com.Application  - Starting Application on CAB-WSM-0004412 with PID 71285 (/Users/a18502648/IdeaProjects/arNote/target/classes started by a18502648 in /Users/a18502648/IdeaProjects/arNote)
PIZDEC-21:16:13.762 [restartedMain] INFO  com.Application  - No active profile set, falling back to default profiles: default
PIZDEC-21:16:13.789 [restartedMain] INFO  o.s.b.d.e.DevToolsPropertyDefaultsPostProcessor  - Devtools property defaults active! Set 'spring.devtools.add-properties' to 'false' to disable
PIZDEC-21:16:13.789 [restartedMain] INFO  o.s.b.d.e.DevToolsPropertyDefaultsPostProcessor  - For additional web related logging consider setting the 'logging.level.web' property to 'DEBUG'
PIZDEC-21:16:15.232 [restartedMain] INFO  o.s.d.r.c.RepositoryConfigurationDelegate  - Bootstrapping Spring Data repositories in DEFAULT mode.
PIZDEC-21:16:15.598 [restartedMain] INFO  o.s.d.r.c.RepositoryConfigurationDelegate  - Finished Spring Data repository scanning in 362ms. Found 3 repository interfaces.
PIZDEC-21:16:15.868 [restartedMain] INFO  o.s.c.s.PostProcessorRegistrationDelegate$BeanPostProcessorChecker  - Bean 'org.springframework.transaction.annotation.ProxyTransactionManagementConfiguration' of type [org.springframework.transaction.annotation.ProxyTransactionManagementConfiguration$$EnhancerBySpringCGLIB$$9fce071a] is not eligible for getting processed by all BeanPostProcessors (for example: not eligible for auto-proxying)
PIZDEC-21:16:15.928 [restartedMain] INFO  o.s.c.s.PostProcessorRegistrationDelegate$BeanPostProcessorChecker  - Bean 'org.springframework.security.config.annotation.configuration.ObjectPostProcessorConfiguration' of type [org.springframework.security.config.annotation.configuration.ObjectPostProcessorConfiguration$$EnhancerBySpringCGLIB$$387bcf54] is not eligible for getting processed by all BeanPostProcessors (for example: not eligible for auto-proxying)
PIZDEC-21:16:15.931 [restartedMain] INFO  o.s.c.s.PostProcessorRegistrationDelegate$BeanPostProcessorChecker  - Bean 'objectPostProcessor' of type [org.springframework.security.config.annotation.configuration.AutowireBeanFactoryObjectPostProcessor] is not eligible for getting processed by all BeanPostProcessors (for example: not eligible for auto-proxying)
PIZDEC-21:16:15.934 [restartedMain] INFO  o.s.c.s.PostProcessorRegistrationDelegate$BeanPostProcessorChecker  - Bean 'org.springframework.security.access.expression.method.DefaultMethodSecurityExpressionHandler@45a14158' of type [org.springframework.security.oauth2.provider.expression.OAuth2MethodSecurityExpressionHandler] is not eligible for getting processed by all BeanPostProcessors (for example: not eligible for auto-proxying)
PIZDEC-21:16:15.935 [restartedMain] INFO  o.s.c.s.PostProcessorRegistrationDelegate$BeanPostProcessorChecker  - Bean 'org.springframework.security.config.annotation.method.configuration.GlobalMethodSecurityConfiguration' of type [org.springframework.security.config.annotation.method.configuration.GlobalMethodSecurityConfiguration$$EnhancerBySpringCGLIB$$5d507206] is not eligible for getting processed by all BeanPostProcessors (for example: not eligible for auto-proxying)
PIZDEC-21:16:15.937 [restartedMain] INFO  o.s.c.s.PostProcessorRegistrationDelegate$BeanPostProcessorChecker  - Bean 'methodSecurityMetadataSource' of type [org.springframework.security.access.method.DelegatingMethodSecurityMetadataSource] is not eligible for getting processed by all BeanPostProcessors (for example: not eligible for auto-proxying)
PIZDEC-21:16:15.941 [restartedMain] INFO  o.s.c.s.PostProcessorRegistrationDelegate$BeanPostProcessorChecker  - Bean 'org.springframework.hateoas.config.HateoasConfiguration' of type [org.springframework.hateoas.config.HateoasConfiguration$$EnhancerBySpringCGLIB$$1f4e544c] is not eligible for getting processed by all BeanPostProcessors (for example: not eligible for auto-proxying)
PIZDEC-21:16:16.455 [restartedMain] INFO  o.s.b.w.e.tomcat.TomcatWebServer  - Tomcat initialized with port(s): 8080 (http)
PIZDEC-21:16:16.463 [restartedMain] INFO  o.a.coyote.http11.Http11NioProtocol  - Initializing ProtocolHandler ["http-nio-8080"]
PIZDEC-21:16:16.471 [restartedMain] INFO  o.a.catalina.core.StandardService  - Starting service [Tomcat]
PIZDEC-21:16:16.472 [restartedMain] INFO  o.a.catalina.core.StandardEngine  - Starting Servlet engine: [Apache Tomcat/9.0.16]
PIZDEC-21:16:16.476 [restartedMain] INFO  o.a.c.core.AprLifecycleListener  - The APR based Apache Tomcat Native library which allows optimal performance in production environments was not found on the java.library.path: [/Users/a18502648/Library/Java/Extensions:/Library/Java/Extensions:/Network/Library/Java/Extensions:/System/Library/Java/Extensions:/usr/lib/java:.]
PIZDEC-21:16:16.606 [restartedMain] INFO  org.apache.jasper.servlet.TldScanner  - At least one JAR was scanned for TLDs yet contained no TLDs. Enable debug logging for this logger for a complete list of JARs that were scanned but no TLDs were found in them. Skipping unneeded JARs during scanning can improve startup time and JSP compilation time.
PIZDEC-21:16:16.608 [restartedMain] INFO  o.a.c.c.C.[Tomcat].[localhost].[/]  - Initializing Spring embedded WebApplicationContext
PIZDEC-21:16:16.608 [restartedMain] INFO  o.s.web.context.ContextLoader  - Root WebApplicationContext: initialization completed in 2819 ms
PIZDEC-21:16:16.836 [restartedMain] INFO  com.zaxxer.hikari.HikariDataSource  - HikariPool-1 - Starting...
PIZDEC-21:16:16.883 [restartedMain] INFO  com.zaxxer.hikari.HikariDataSource  - HikariPool-1 - Start completed.
PIZDEC-21:16:17.073 [restartedMain] INFO  o.h.jpa.internal.util.LogHelper  - HHH000204: Processing PersistenceUnitInfo [
	name: default
	...]
PIZDEC-21:16:17.139 [restartedMain] INFO  org.hibernate.Version  - HHH000412: Hibernate Core {5.3.7.Final}
PIZDEC-21:16:17.140 [restartedMain] INFO  org.hibernate.cfg.Environment  - HHH000206: hibernate.properties not found
PIZDEC-21:16:17.255 [restartedMain] INFO  o.h.annotations.common.Version  - HCANN000001: Hibernate Commons Annotations {5.0.4.Final}
PIZDEC-21:16:17.367 [restartedMain] INFO  org.hibernate.dialect.Dialect  - HHH000400: Using dialect: org.hibernate.dialect.PostgreSQLDialect
PIZDEC-21:16:17.382 [restartedMain] INFO  o.h.e.j.e.i.LobCreatorBuilderImpl  - HHH000422: Disabling contextual LOB creation as connection was null
PIZDEC-21:16:17.386 [restartedMain] INFO  org.hibernate.type.BasicTypeRegistry  - HHH000270: Type registration [java.util.UUID] overrides previous : org.hibernate.type.UUIDBinaryType@63a33081
PIZDEC-21:16:17.855 [restartedMain] INFO  o.s.o.j.LocalContainerEntityManagerFactoryBean  - Initialized JPA EntityManagerFactory for persistence unit 'default'
PIZDEC-21:16:17.910 [restartedMain] INFO  o.s.b.d.a.OptionalLiveReloadServer  - LiveReload server is running on port 35729
PIZDEC-21:16:18.375 [restartedMain] INFO  o.h.h.i.QueryTranslatorFactoryInitiator  - HHH000397: Using ASTQueryTranslatorFactory
PIZDEC-21:16:19.028 [restartedMain] INFO  o.s.s.web.DefaultSecurityFilterChain  - Creating filter chain: any request, [org.springframework.security.web.context.request.async.WebAsyncManagerIntegrationFilter@3ae82abd, org.springframework.security.web.context.SecurityContextPersistenceFilter@72cb3b72, org.springframework.security.web.header.HeaderWriterFilter@4ae9464f, org.springframework.web.filter.CorsFilter@154eb88b, org.springframework.security.web.authentication.logout.LogoutFilter@3e403a7, com.antonromanov.arnote.security.JWTLoginFilter@52ca7f38, com.antonromanov.arnote.security.JWTAuthenticationFilter@777c8d3f, org.springframework.security.web.savedrequest.RequestCacheAwareFilter@2a76b8f5, org.springframework.security.web.servletapi.SecurityContextHolderAwareRequestFilter@4f47ba46, org.springframework.security.web.authentication.AnonymousAuthenticationFilter@c3aecaf, org.springframework.security.web.session.SessionManagementFilter@24bb9983, org.springframework.security.web.access.ExceptionTranslationFilter@134f943f, org.springframework.security.web.access.intercept.FilterSecurityInterceptor@6a75164e]
PIZDEC-21:16:19.211 [restartedMain] INFO  o.s.s.c.ThreadPoolTaskExecutor  - Initializing ExecutorService 'applicationTaskExecutor'
PIZDEC-21:16:19.252 [restartedMain] WARN  o.s.b.a.o.j.JpaBaseConfiguration$JpaWebConfiguration$JpaWebMvcConfiguration  - spring.jpa.open-in-view is enabled by default. Therefore, database queries may be performed during view rendering. Explicitly configure spring.jpa.open-in-view to disable this warning
PIZDEC-21:16:19.404 [restartedMain] INFO  o.s.b.a.w.s.WelcomePageHandlerMapping  - Adding welcome page: class path resource [static/index.html]
PIZDEC-21:16:19.746 [restartedMain] INFO  o.a.coyote.http11.Http11NioProtocol  - Starting ProtocolHandler ["http-nio-8080"]
PIZDEC-21:16:19.773 [restartedMain] INFO  o.s.b.w.e.tomcat.TomcatWebServer  - Tomcat started on port(s): 8080 (http) with context path ''
PIZDEC-21:16:19.776 [restartedMain] INFO  com.Application  - Started Application in 6.238 seconds (JVM running for 6.813)
PIZDEC-21:16:34.361 [http-nio-8080-exec-2] INFO  o.a.c.c.C.[Tomcat].[localhost].[/]  - Initializing Spring DispatcherServlet 'dispatcherServlet'
PIZDEC-21:16:34.361 [http-nio-8080-exec-2] INFO  o.s.web.servlet.DispatcherServlet  - Initializing Servlet 'dispatcherServlet'
PIZDEC-21:16:34.379 [http-nio-8080-exec-2] INFO  o.s.web.servlet.DispatcherServlet  - Completed initialization in 18 ms
PIZDEC-21:16:34.702 [http-nio-8080-exec-1] ERROR c.a.a.controller.MainRestController  - ERROR!
PIZDEC-21:17:13.400 [Thread-21] INFO  o.s.s.c.ThreadPoolTaskExecutor  - Shutting down ExecutorService 'applicationTaskExecutor'
PIZDEC-21:17:13.402 [Thread-21] INFO  o.s.o.j.LocalContainerEntityManagerFactoryBean  - Closing JPA EntityManagerFactory for persistence unit 'default'
PIZDEC-21:17:13.404 [Thread-21] INFO  com.zaxxer.hikari.HikariDataSource  - HikariPool-1 - Shutdown initiated...
PIZDEC-21:17:13.406 [Thread-21] INFO  com.zaxxer.hikari.HikariDataSource  - HikariPool-1 - Shutdown completed.
PIZDEC-21:17:16.864 [restartedMain] INFO  com.Application  - Starting Application on CAB-WSM-0004412 with PID 71320 (/Users/a18502648/IdeaProjects/arNote/target/classes started by a18502648 in /Users/a18502648/IdeaProjects/arNote)
PIZDEC-21:17:16.866 [restartedMain] INFO  com.Application  - No active profile set, falling back to default profiles: default
PIZDEC-21:17:16.907 [restartedMain] INFO  o.s.b.d.e.DevToolsPropertyDefaultsPostProcessor  - Devtools property defaults active! Set 'spring.devtools.add-properties' to 'false' to disable
PIZDEC-21:17:16.908 [restartedMain] INFO  o.s.b.d.e.DevToolsPropertyDefaultsPostProcessor  - For additional web related logging consider setting the 'logging.level.web' property to 'DEBUG'
PIZDEC-21:17:18.340 [restartedMain] INFO  o.s.d.r.c.RepositoryConfigurationDelegate  - Bootstrapping Spring Data repositories in DEFAULT mode.
PIZDEC-21:17:18.715 [restartedMain] INFO  o.s.d.r.c.RepositoryConfigurationDelegate  - Finished Spring Data repository scanning in 370ms. Found 3 repository interfaces.
PIZDEC-21:17:18.983 [restartedMain] INFO  o.s.c.s.PostProcessorRegistrationDelegate$BeanPostProcessorChecker  - Bean 'org.springframework.transaction.annotation.ProxyTransactionManagementConfiguration' of type [org.springframework.transaction.annotation.ProxyTransactionManagementConfiguration$$EnhancerBySpringCGLIB$$497549f7] is not eligible for getting processed by all BeanPostProcessors (for example: not eligible for auto-proxying)
PIZDEC-21:17:19.037 [restartedMain] INFO  o.s.c.s.PostProcessorRegistrationDelegate$BeanPostProcessorChecker  - Bean 'org.springframework.security.config.annotation.configuration.ObjectPostProcessorConfiguration' of type [org.springframework.security.config.annotation.configuration.ObjectPostProcessorConfiguration$$EnhancerBySpringCGLIB$$e2231231] is not eligible for getting processed by all BeanPostProcessors (for example: not eligible for auto-proxying)
PIZDEC-21:17:19.040 [restartedMain] INFO  o.s.c.s.PostProcessorRegistrationDelegate$BeanPostProcessorChecker  - Bean 'objectPostProcessor' of type [org.springframework.security.config.annotation.configuration.AutowireBeanFactoryObjectPostProcessor] is not eligible for getting processed by all BeanPostProcessors (for example: not eligible for auto-proxying)
PIZDEC-21:17:19.043 [restartedMain] INFO  o.s.c.s.PostProcessorRegistrationDelegate$BeanPostProcessorChecker  - Bean 'org.springframework.security.access.expression.method.DefaultMethodSecurityExpressionHandler@4b9b892f' of type [org.springframework.security.oauth2.provider.expression.OAuth2MethodSecurityExpressionHandler] is not eligible for getting processed by all BeanPostProcessors (for example: not eligible for auto-proxying)
PIZDEC-21:17:19.045 [restartedMain] INFO  o.s.c.s.PostProcessorRegistrationDelegate$BeanPostProcessorChecker  - Bean 'org.springframework.security.config.annotation.method.configuration.GlobalMethodSecurityConfiguration' of type [org.springframework.security.config.annotation.method.configuration.GlobalMethodSecurityConfiguration$$EnhancerBySpringCGLIB$$6f7b4e3] is not eligible for getting processed by all BeanPostProcessors (for example: not eligible for auto-proxying)
PIZDEC-21:17:19.047 [restartedMain] INFO  o.s.c.s.PostProcessorRegistrationDelegate$BeanPostProcessorChecker  - Bean 'methodSecurityMetadataSource' of type [org.springframework.security.access.method.DelegatingMethodSecurityMetadataSource] is not eligible for getting processed by all BeanPostProcessors (for example: not eligible for auto-proxying)
PIZDEC-21:17:19.050 [restartedMain] INFO  o.s.c.s.PostProcessorRegistrationDelegate$BeanPostProcessorChecker  - Bean 'org.springframework.hateoas.config.HateoasConfiguration' of type [org.springframework.hateoas.config.HateoasConfiguration$$EnhancerBySpringCGLIB$$c8f59729] is not eligible for getting processed by all BeanPostProcessors (for example: not eligible for auto-proxying)
PIZDEC-21:17:19.520 [restartedMain] INFO  o.s.b.w.e.tomcat.TomcatWebServer  - Tomcat initialized with port(s): 8080 (http)
PIZDEC-21:17:19.528 [restartedMain] INFO  o.a.coyote.http11.Http11NioProtocol  - Initializing ProtocolHandler ["http-nio-8080"]
PIZDEC-21:17:19.536 [restartedMain] INFO  o.a.catalina.core.StandardService  - Starting service [Tomcat]
PIZDEC-21:17:19.536 [restartedMain] INFO  o.a.catalina.core.StandardEngine  - Starting Servlet engine: [Apache Tomcat/9.0.16]
PIZDEC-21:17:19.540 [restartedMain] INFO  o.a.c.core.AprLifecycleListener  - The APR based Apache Tomcat Native library which allows optimal performance in production environments was not found on the java.library.path: [/Users/a18502648/Library/Java/Extensions:/Library/Java/Extensions:/Network/Library/Java/Extensions:/System/Library/Java/Extensions:/usr/lib/java:.]
PIZDEC-21:17:19.668 [restartedMain] INFO  org.apache.jasper.servlet.TldScanner  - At least one JAR was scanned for TLDs yet contained no TLDs. Enable debug logging for this logger for a complete list of JARs that were scanned but no TLDs were found in them. Skipping unneeded JARs during scanning can improve startup time and JSP compilation time.
PIZDEC-21:17:19.670 [restartedMain] INFO  o.a.c.c.C.[Tomcat].[localhost].[/]  - Initializing Spring embedded WebApplicationContext
PIZDEC-21:17:19.670 [restartedMain] INFO  o.s.web.context.ContextLoader  - Root WebApplicationContext: initialization completed in 2762 ms
PIZDEC-21:17:19.933 [restartedMain] INFO  com.zaxxer.hikari.HikariDataSource  - HikariPool-1 - Starting...
PIZDEC-21:17:19.977 [restartedMain] INFO  com.zaxxer.hikari.HikariDataSource  - HikariPool-1 - Start completed.
PIZDEC-21:17:20.163 [restartedMain] INFO  o.h.jpa.internal.util.LogHelper  - HHH000204: Processing PersistenceUnitInfo [
	name: default
	...]
PIZDEC-21:17:20.208 [restartedMain] INFO  org.hibernate.Version  - HHH000412: Hibernate Core {5.3.7.Final}
PIZDEC-21:17:20.209 [restartedMain] INFO  org.hibernate.cfg.Environment  - HHH000206: hibernate.properties not found
PIZDEC-21:17:20.304 [restartedMain] INFO  o.h.annotations.common.Version  - HCANN000001: Hibernate Commons Annotations {5.0.4.Final}
PIZDEC-21:17:20.390 [restartedMain] INFO  org.hibernate.dialect.Dialect  - HHH000400: Using dialect: org.hibernate.dialect.PostgreSQLDialect
PIZDEC-21:17:20.402 [restartedMain] INFO  o.h.e.j.e.i.LobCreatorBuilderImpl  - HHH000422: Disabling contextual LOB creation as connection was null
PIZDEC-21:17:20.407 [restartedMain] INFO  org.hibernate.type.BasicTypeRegistry  - HHH000270: Type registration [java.util.UUID] overrides previous : org.hibernate.type.UUIDBinaryType@70c2cc21
PIZDEC-21:17:20.903 [restartedMain] INFO  o.s.o.j.LocalContainerEntityManagerFactoryBean  - Initialized JPA EntityManagerFactory for persistence unit 'default'
PIZDEC-21:17:20.958 [restartedMain] INFO  o.s.b.d.a.OptionalLiveReloadServer  - LiveReload server is running on port 35729
PIZDEC-21:17:21.377 [restartedMain] INFO  o.h.h.i.QueryTranslatorFactoryInitiator  - HHH000397: Using ASTQueryTranslatorFactory
PIZDEC-21:17:22.027 [restartedMain] INFO  o.s.s.web.DefaultSecurityFilterChain  - Creating filter chain: any request, [org.springframework.security.web.context.request.async.WebAsyncManagerIntegrationFilter@77240045, org.springframework.security.web.context.SecurityContextPersistenceFilter@4ec4514, org.springframework.security.web.header.HeaderWriterFilter@1e7f936f, org.springframework.web.filter.CorsFilter@576d23ff, org.springframework.security.web.authentication.logout.LogoutFilter@76a76811, com.antonromanov.arnote.security.JWTLoginFilter@14bb82e9, com.antonromanov.arnote.security.JWTAuthenticationFilter@14b86ab1, org.springframework.security.web.savedrequest.RequestCacheAwareFilter@3d12b124, org.springframework.security.web.servletapi.SecurityContextHolderAwareRequestFilter@77146e1, org.springframework.security.web.authentication.AnonymousAuthenticationFilter@4349664b, org.springframework.security.web.session.SessionManagementFilter@25b140b1, org.springframework.security.web.access.ExceptionTranslationFilter@3c396e0f, org.springframework.security.web.access.intercept.FilterSecurityInterceptor@3ceda72c]
PIZDEC-21:17:22.248 [restartedMain] INFO  o.s.s.c.ThreadPoolTaskExecutor  - Initializing ExecutorService 'applicationTaskExecutor'
PIZDEC-21:17:22.289 [restartedMain] WARN  o.s.b.a.o.j.JpaBaseConfiguration$JpaWebConfiguration$JpaWebMvcConfiguration  - spring.jpa.open-in-view is enabled by default. Therefore, database queries may be performed during view rendering. Explicitly configure spring.jpa.open-in-view to disable this warning
PIZDEC-21:17:22.406 [restartedMain] INFO  o.s.b.a.w.s.WelcomePageHandlerMapping  - Adding welcome page: class path resource [static/index.html]
PIZDEC-21:17:22.746 [restartedMain] INFO  o.a.coyote.http11.Http11NioProtocol  - Starting ProtocolHandler ["http-nio-8080"]
PIZDEC-21:17:22.773 [restartedMain] INFO  o.s.b.w.e.tomcat.TomcatWebServer  - Tomcat started on port(s): 8080 (http) with context path ''
PIZDEC-21:17:22.775 [restartedMain] INFO  com.Application  - Started Application in 6.097 seconds (JVM running for 6.689)
PIZDEC-21:17:28.061 [http-nio-8080-exec-1] INFO  o.a.c.c.C.[Tomcat].[localhost].[/]  - Initializing Spring DispatcherServlet 'dispatcherServlet'
PIZDEC-21:17:28.062 [http-nio-8080-exec-1] INFO  o.s.web.servlet.DispatcherServlet  - Initializing Servlet 'dispatcherServlet'
PIZDEC-21:17:28.081 [http-nio-8080-exec-1] INFO  o.s.web.servlet.DispatcherServlet  - Completed initialization in 19 ms
PIZDEC-21:17:28.525 [http-nio-8080-exec-2] ERROR c.a.a.controller.MainRestController  - ERROR!
PIZDEC-21:22:15.732 [Thread-21] INFO  o.s.s.c.ThreadPoolTaskExecutor  - Shutting down ExecutorService 'applicationTaskExecutor'
PIZDEC-21:22:15.736 [Thread-21] INFO  o.s.o.j.LocalContainerEntityManagerFactoryBean  - Closing JPA EntityManagerFactory for persistence unit 'default'
PIZDEC-21:22:15.749 [Thread-21] INFO  com.zaxxer.hikari.HikariDataSource  - HikariPool-1 - Shutdown initiated...
PIZDEC-21:22:15.752 [Thread-21] INFO  com.zaxxer.hikari.HikariDataSource  - HikariPool-1 - Shutdown completed.
