17:09:26.510 [http-nio-8080-exec-2] INFO  console_logger  - ========= MOVE WISH (CHANGE PRIORITY) ============== 
17:09:26.515 [http-nio-8080-exec-2] INFO  console_logger  - id: 9
17:09:26.516 [http-nio-8080-exec-2] INFO  console_logger  - move: down
17:09:56.905 [http-nio-8080-exec-2] ERROR console_logger  - ID должен быть цифрой и не пустым заначением!
com.antonromanov.arnote.Exceptions.BadIncomeParameter: ID должен быть цифрой и не пустым заначением!
	at com.antonromanov.arnote.controller.MainRestController.lambda$changePriority$9(MainRestController.java:236)
	at com.antonromanov.arnote.utils.ControllerBase.$do(ControllerBase.java:19)
	at com.antonromanov.arnote.controller.MainRestController.changePriority(MainRestController.java:229)
	at sun.reflect.NativeMethodAccessorImpl.invoke0(Native Method)
	at sun.reflect.NativeMethodAccessorImpl.invoke(NativeMethodAccessorImpl.java:62)
	at sun.reflect.DelegatingMethodAccessorImpl.invoke(DelegatingMethodAccessorImpl.java:43)
	at java.lang.reflect.Method.invoke(Method.java:498)
	at org.springframework.web.method.support.InvocableHandlerMethod.doInvoke(InvocableHandlerMethod.java:189)
	at org.springframework.web.method.support.InvocableHandlerMethod.invokeForRequest(InvocableHandlerMethod.java:138)
	at org.springframework.web.servlet.mvc.method.annotation.ServletInvocableHandlerMethod.invokeAndHandle(ServletInvocableHandlerMethod.java:102)
	at org.springframework.web.servlet.mvc.method.annotation.RequestMappingHandlerAdapter.invokeHandlerMethod(RequestMappingHandlerAdapter.java:895)
	at org.springframework.web.servlet.mvc.method.annotation.RequestMappingHandlerAdapter.handleInternal(RequestMappingHandlerAdapter.java:800)
	at org.springframework.web.servlet.mvc.method.AbstractHandlerMethodAdapter.handle(AbstractHandlerMethodAdapter.java:87)
	at org.springframework.web.servlet.DispatcherServlet.doDispatch(DispatcherServlet.java:1038)
	at org.springframework.web.servlet.DispatcherServlet.doService(DispatcherServlet.java:942)
	at org.springframework.web.servlet.FrameworkServlet.processRequest(FrameworkServlet.java:1005)
	at org.springframework.web.servlet.FrameworkServlet.doGet(FrameworkServlet.java:897)
	at javax.servlet.http.HttpServlet.service(HttpServlet.java:634)
	at org.springframework.web.servlet.FrameworkServlet.service(FrameworkServlet.java:882)
	at javax.servlet.http.HttpServlet.service(HttpServlet.java:741)
	at org.apache.catalina.core.ApplicationFilterChain.internalDoFilter(ApplicationFilterChain.java:231)
	at org.apache.catalina.core.ApplicationFilterChain.doFilter(ApplicationFilterChain.java:166)
	at org.apache.tomcat.websocket.server.WsFilter.doFilter(WsFilter.java:53)
	at org.apache.catalina.core.ApplicationFilterChain.internalDoFilter(ApplicationFilterChain.java:193)
	at org.apache.catalina.core.ApplicationFilterChain.doFilter(ApplicationFilterChain.java:166)
	at org.springframework.web.filter.RequestContextFilter.doFilterInternal(RequestContextFilter.java:99)
	at org.springframework.web.filter.OncePerRequestFilter.doFilter(OncePerRequestFilter.java:107)
	at org.apache.catalina.core.ApplicationFilterChain.internalDoFilter(ApplicationFilterChain.java:193)
	at org.apache.catalina.core.ApplicationFilterChain.doFilter(ApplicationFilterChain.java:166)
	at org.springframework.web.filter.FormContentFilter.doFilterInternal(FormContentFilter.java:92)
	at org.springframework.web.filter.OncePerRequestFilter.doFilter(OncePerRequestFilter.java:107)
	at org.apache.catalina.core.ApplicationFilterChain.internalDoFilter(ApplicationFilterChain.java:193)
	at org.apache.catalina.core.ApplicationFilterChain.doFilter(ApplicationFilterChain.java:166)
	at org.springframework.web.filter.HiddenHttpMethodFilter.doFilterInternal(HiddenHttpMethodFilter.java:93)
	at org.springframework.web.filter.OncePerRequestFilter.doFilter(OncePerRequestFilter.java:107)
	at org.apache.catalina.core.ApplicationFilterChain.internalDoFilter(ApplicationFilterChain.java:193)
	at org.apache.catalina.core.ApplicationFilterChain.doFilter(ApplicationFilterChain.java:166)
	at org.springframework.web.filter.CharacterEncodingFilter.doFilterInternal(CharacterEncodingFilter.java:200)
	at org.springframework.web.filter.OncePerRequestFilter.doFilter(OncePerRequestFilter.java:107)
	at org.apache.catalina.core.ApplicationFilterChain.internalDoFilter(ApplicationFilterChain.java:193)
	at org.apache.catalina.core.ApplicationFilterChain.doFilter(ApplicationFilterChain.java:166)
	at org.apache.catalina.core.StandardWrapperValve.invoke(StandardWrapperValve.java:200)
	at org.apache.catalina.core.StandardContextValve.invoke(StandardContextValve.java:96)
	at org.apache.catalina.authenticator.AuthenticatorBase.invoke(AuthenticatorBase.java:490)
	at org.apache.catalina.core.StandardHostValve.invoke(StandardHostValve.java:139)
	at org.apache.catalina.valves.ErrorReportValve.invoke(ErrorReportValve.java:92)
	at org.apache.catalina.core.StandardEngineValve.invoke(StandardEngineValve.java:74)
	at org.apache.catalina.connector.CoyoteAdapter.service(CoyoteAdapter.java:343)
	at org.apache.coyote.http11.Http11Processor.service(Http11Processor.java:408)
	at org.apache.coyote.AbstractProcessorLight.process(AbstractProcessorLight.java:66)
	at org.apache.coyote.AbstractProtocol$ConnectionHandler.process(AbstractProtocol.java:834)
	at org.apache.tomcat.util.net.NioEndpoint$SocketProcessor.doRun(NioEndpoint.java:1415)
	at org.apache.tomcat.util.net.SocketProcessorBase.run(SocketProcessorBase.java:49)
	at java.util.concurrent.ThreadPoolExecutor.runWorker(ThreadPoolExecutor.java:1149)
	at java.util.concurrent.ThreadPoolExecutor$Worker.run(ThreadPoolExecutor.java:624)
	at org.apache.tomcat.util.threads.TaskThread$WrappingRunnable.run(TaskThread.java:61)
	at java.lang.Thread.run(Thread.java:748)
17:10:20.952 [http-nio-8080-exec-2] INFO  console_logger  - ========= MOVE WISH (CHANGE PRIORITY) ============== 
17:10:20.952 [http-nio-8080-exec-2] INFO  console_logger  - id: 9
17:10:20.952 [http-nio-8080-exec-2] INFO  console_logger  - move: down
17:10:21.073 [http-nio-8080-exec-2] INFO  console_logger  - RESPONSE: <200 OK OK,{"id":9,"wish":"dfvfdv","price":12,"priority":1,"ac":false,"description":"какое-то описание","url":""},[Content-Type:"application/json", Cache-Control:"no-cache"]>
17:10:24.340 [http-nio-8080-exec-5] INFO  console_logger  - ========= MOVE WISH (CHANGE PRIORITY) ============== 
17:10:24.341 [http-nio-8080-exec-5] INFO  console_logger  - id: 9
17:10:24.341 [http-nio-8080-exec-5] INFO  console_logger  - move: down
17:10:24.350 [http-nio-8080-exec-5] INFO  console_logger  - RESPONSE: <200 OK OK,{"id":9,"wish":"dfvfdv","price":12,"priority":0,"ac":false,"description":"какое-то описание","url":""},[Content-Type:"application/json", Cache-Control:"no-cache"]>
17:10:28.636 [http-nio-8080-exec-7] INFO  console_logger  - ========= MOVE WISH (CHANGE PRIORITY) ============== 
17:10:28.637 [http-nio-8080-exec-7] INFO  console_logger  - id: 9
17:10:28.638 [http-nio-8080-exec-7] INFO  console_logger  - move: down
17:10:28.642 [http-nio-8080-exec-7] INFO  console_logger  - RESPONSE: <200 OK OK,{"id":9,"wish":"dfvfdv","price":12,"priority":0,"ac":false,"description":"какое-то описание","url":""},[Content-Type:"application/json", Cache-Control:"no-cache"]>
17:10:32.107 [http-nio-8080-exec-3] INFO  console_logger  - ========= MOVE WISH (CHANGE PRIORITY) ============== 
17:10:32.107 [http-nio-8080-exec-3] INFO  console_logger  - id: 9
17:10:32.108 [http-nio-8080-exec-3] INFO  console_logger  - move: down
17:10:32.111 [http-nio-8080-exec-3] INFO  console_logger  - RESPONSE: <200 OK OK,{"id":9,"wish":"dfvfdv","price":12,"priority":0,"ac":false,"description":"какое-то описание","url":""},[Content-Type:"application/json", Cache-Control:"no-cache"]>
17:11:17.840 [http-nio-8080-exec-1] INFO  console_logger  - ========= MOVE WISH (CHANGE PRIORITY) ============== 
17:11:17.840 [http-nio-8080-exec-1] INFO  console_logger  - id: 9
17:11:17.841 [http-nio-8080-exec-1] INFO  console_logger  - move: down
17:11:17.957 [http-nio-8080-exec-1] INFO  console_logger  - RESPONSE: <200 OK OK,{"id":9,"wish":"dfvfdv","price":12,"priority":1,"ac":false,"description":"какое-то описание","url":""},[Content-Type:"application/json", Cache-Control:"no-cache"]>
17:11:21.230 [http-nio-8080-exec-3] INFO  console_logger  - ========= MOVE WISH (CHANGE PRIORITY) ============== 
17:11:21.231 [http-nio-8080-exec-3] INFO  console_logger  - id: 9
17:11:21.231 [http-nio-8080-exec-3] INFO  console_logger  - move: down
17:11:21.234 [http-nio-8080-exec-3] INFO  console_logger  - RESPONSE: <200 OK OK,{"id":9,"wish":"dfvfdv","price":12,"priority":1,"ac":false,"description":"какое-то описание","url":""},[Content-Type:"application/json", Cache-Control:"no-cache"]>
17:11:23.014 [http-nio-8080-exec-4] INFO  console_logger  - ========= MOVE WISH (CHANGE PRIORITY) ============== 
17:11:23.015 [http-nio-8080-exec-4] INFO  console_logger  - id: 9
17:11:23.016 [http-nio-8080-exec-4] INFO  console_logger  - move: down
17:11:23.019 [http-nio-8080-exec-4] INFO  console_logger  - RESPONSE: <200 OK OK,{"id":9,"wish":"dfvfdv","price":12,"priority":1,"ac":false,"description":"какое-то описание","url":""},[Content-Type:"application/json", Cache-Control:"no-cache"]>
17:11:27.629 [http-nio-8080-exec-5] INFO  console_logger  - ========= MOVE WISH (CHANGE PRIORITY) ============== 
17:11:27.630 [http-nio-8080-exec-5] INFO  console_logger  - id: 9
17:11:27.631 [http-nio-8080-exec-5] INFO  console_logger  - move: up
17:11:27.653 [http-nio-8080-exec-5] INFO  console_logger  - RESPONSE: <200 OK OK,{"id":9,"wish":"dfvfdv","price":12,"priority":2,"ac":false,"description":"какое-то описание","url":""},[Content-Type:"application/json", Cache-Control:"no-cache"]>
17:11:30.090 [http-nio-8080-exec-6] INFO  console_logger  - ========= MOVE WISH (CHANGE PRIORITY) ============== 
17:11:30.090 [http-nio-8080-exec-6] INFO  console_logger  - id: 9
17:11:30.091 [http-nio-8080-exec-6] INFO  console_logger  - move: up
17:11:30.095 [http-nio-8080-exec-6] INFO  console_logger  - RESPONSE: <200 OK OK,{"id":9,"wish":"dfvfdv","price":12,"priority":3,"ac":false,"description":"какое-то описание","url":""},[Content-Type:"application/json", Cache-Control:"no-cache"]>
17:11:30.903 [http-nio-8080-exec-7] INFO  console_logger  - ========= MOVE WISH (CHANGE PRIORITY) ============== 
17:11:30.904 [http-nio-8080-exec-7] INFO  console_logger  - id: 9
17:11:30.905 [http-nio-8080-exec-7] INFO  console_logger  - move: up
17:11:30.911 [http-nio-8080-exec-7] INFO  console_logger  - RESPONSE: <200 OK OK,{"id":9,"wish":"dfvfdv","price":12,"priority":4,"ac":false,"description":"какое-то описание","url":""},[Content-Type:"application/json", Cache-Control:"no-cache"]>
