{
  "timestamp" : "2019-07-09 - 06:01:28.374Z",
  "level" : "WARN",
  "thread" : "HikariPool-1 housekeeper",
  "logger" : "com.zaxxer.hikari.pool.HikariPool",
  "message" : "HikariPool-1 - Thread starvation or clock leap detected (housekeeper delta=13h21m55s367ms681µs800ns).",
  "context" : "default"
}
{
  "timestamp" : "2019-07-09 - 06:15:33.338Z",
  "level" : "INFO",
  "thread" : "Thread-17",
  "logger" : "com.zaxxer.hikari.HikariDataSource",
  "message" : "HikariPool-1 - Shutdown initiated...",
  "context" : "default"
}
{
  "timestamp" : "2019-07-09 - 06:15:33.393Z",
  "level" : "INFO",
  "thread" : "Thread-17",
  "logger" : "com.zaxxer.hikari.HikariDataSource",
  "message" : "HikariPool-1 - Shutdown completed.",
  "context" : "default"
}
{
  "timestamp" : "2019-07-09 - 06:15:34.511Z",
  "level" : "INFO",
  "thread" : "restartedMain",
  "logger" : "com.Application",
  "message" : "Starting Application on DESKTOP-DECTVLC with PID 16580 (C:\\CODING\\GIT\\arNote\\target\\classes started by Anton Romanov in C:\\CODING\\GIT\\arNote)",
  "context" : "default"
}
{
  "timestamp" : "2019-07-09 - 06:15:34.512Z",
  "level" : "INFO",
  "thread" : "restartedMain",
  "logger" : "com.Application",
  "message" : "No active profile set, falling back to default profiles: default",
  "context" : "default"
}
{
  "timestamp" : "2019-07-09 - 06:15:37.833Z",
  "level" : "INFO",
  "thread" : "restartedMain",
  "logger" : "com.zaxxer.hikari.HikariDataSource",
  "message" : "HikariPool-2 - Starting...",
  "context" : "default"
}
{
  "timestamp" : "2019-07-09 - 06:15:37.908Z",
  "level" : "INFO",
  "thread" : "restartedMain",
  "logger" : "com.zaxxer.hikari.HikariDataSource",
  "message" : "HikariPool-2 - Start completed.",
  "context" : "default"
}
{
  "timestamp" : "2019-07-09 - 06:15:39.341Z",
  "level" : "INFO",
  "thread" : "restartedMain",
  "logger" : "com.Application",
  "message" : "Started Application in 4.899 seconds (JVM running for 51342.404)",
  "context" : "default"
}
{
  "timestamp" : "2019-07-09 - 06:16:06.687Z",
  "level" : "INFO",
  "thread" : "restartedMain",
  "logger" : "com.Application",
  "message" : "Starting Application on DESKTOP-DECTVLC with PID 14392 (C:\\CODING\\GIT\\arNote\\target\\classes started by Anton Romanov in C:\\CODING\\GIT\\arNote)",
  "context" : "default"
}
{
  "timestamp" : "2019-07-09 - 06:16:06.727Z",
  "level" : "INFO",
  "thread" : "restartedMain",
  "logger" : "com.Application",
  "message" : "No active profile set, falling back to default profiles: default",
  "context" : "default"
}
{
  "timestamp" : "2019-07-09 - 06:16:10.893Z",
  "level" : "INFO",
  "thread" : "restartedMain",
  "logger" : "com.zaxxer.hikari.HikariDataSource",
  "message" : "HikariPool-1 - Starting...",
  "context" : "default"
}
{
  "timestamp" : "2019-07-09 - 06:16:11.030Z",
  "level" : "INFO",
  "thread" : "restartedMain",
  "logger" : "com.zaxxer.hikari.HikariDataSource",
  "message" : "HikariPool-1 - Start completed.",
  "context" : "default"
}
{
  "timestamp" : "2019-07-09 - 06:16:15.025Z",
  "level" : "INFO",
  "thread" : "restartedMain",
  "logger" : "com.Application",
  "message" : "Started Application in 8.905 seconds (JVM running for 11.955)",
  "context" : "default"
}
{
  "timestamp" : "2019-07-09 - 06:44:12.546Z",
  "level" : "INFO",
  "thread" : "restartedMain",
  "logger" : "com.Application",
  "message" : "Starting Application on DESKTOP-DECTVLC with PID 15172 (C:\\CODING\\GIT\\arNote\\target\\classes started by Anton Romanov in C:\\CODING\\GIT\\arNote)",
  "context" : "default"
}
{
  "timestamp" : "2019-07-09 - 06:44:12.599Z",
  "level" : "INFO",
  "thread" : "restartedMain",
  "logger" : "com.Application",
  "message" : "No active profile set, falling back to default profiles: default",
  "context" : "default"
}
{
  "timestamp" : "2019-07-09 - 06:44:16.852Z",
  "level" : "INFO",
  "thread" : "restartedMain",
  "logger" : "com.zaxxer.hikari.HikariDataSource",
  "message" : "HikariPool-1 - Starting...",
  "context" : "default"
}
{
  "timestamp" : "2019-07-09 - 06:44:16.977Z",
  "level" : "INFO",
  "thread" : "restartedMain",
  "logger" : "com.zaxxer.hikari.HikariDataSource",
  "message" : "HikariPool-1 - Start completed.",
  "context" : "default"
}
{
  "timestamp" : "2019-07-09 - 06:44:21.424Z",
  "level" : "INFO",
  "thread" : "restartedMain",
  "logger" : "com.Application",
  "message" : "Started Application in 9.451 seconds (JVM running for 12.017)",
  "context" : "default"
}
{
  "timestamp" : "2019-07-09 - 06:50:16.016Z",
  "level" : "INFO",
  "thread" : "restartedMain",
  "logger" : "com.Application",
  "message" : "Starting Application on DESKTOP-DECTVLC with PID 27600 (C:\\CODING\\GIT\\arNote\\target\\classes started by Anton Romanov in C:\\CODING\\GIT\\arNote)",
  "context" : "default"
}
{
  "timestamp" : "2019-07-09 - 06:50:16.057Z",
  "level" : "INFO",
  "thread" : "restartedMain",
  "logger" : "com.Application",
  "message" : "No active profile set, falling back to default profiles: default",
  "context" : "default"
}
{
  "timestamp" : "2019-07-09 - 06:50:20.477Z",
  "level" : "INFO",
  "thread" : "restartedMain",
  "logger" : "com.zaxxer.hikari.HikariDataSource",
  "message" : "HikariPool-1 - Starting...",
  "context" : "default"
}
{
  "timestamp" : "2019-07-09 - 06:50:20.620Z",
  "level" : "INFO",
  "thread" : "restartedMain",
  "logger" : "com.zaxxer.hikari.HikariDataSource",
  "message" : "HikariPool-1 - Start completed.",
  "context" : "default"
}
{
  "timestamp" : "2019-07-09 - 06:50:25.002Z",
  "level" : "INFO",
  "thread" : "restartedMain",
  "logger" : "com.Application",
  "message" : "Started Application in 9.687 seconds (JVM running for 11.576)",
  "context" : "default"
}
{
  "timestamp" : "2019-07-09 - 08:17:00.221Z",
  "level" : "INFO",
  "thread" : "restartedMain",
  "logger" : "com.Application",
  "message" : "Starting Application on DESKTOP-DECTVLC with PID 32456 (C:\\CODING\\GIT\\arNote\\target\\classes started by Anton Romanov in C:\\CODING\\GIT\\arNote)",
  "context" : "default"
}
{
  "timestamp" : "2019-07-09 - 08:17:00.305Z",
  "level" : "INFO",
  "thread" : "restartedMain",
  "logger" : "com.Application",
  "message" : "No active profile set, falling back to default profiles: default",
  "context" : "default"
}
{
  "timestamp" : "2019-07-09 - 08:17:05.336Z",
  "level" : "INFO",
  "thread" : "restartedMain",
  "logger" : "com.zaxxer.hikari.HikariDataSource",
  "message" : "HikariPool-1 - Starting...",
  "context" : "default"
}
{
  "timestamp" : "2019-07-09 - 08:17:05.450Z",
  "level" : "INFO",
  "thread" : "restartedMain",
  "logger" : "com.zaxxer.hikari.HikariDataSource",
  "message" : "HikariPool-1 - Start completed.",
  "context" : "default"
}
{
  "timestamp" : "2019-07-09 - 08:17:09.628Z",
  "level" : "INFO",
  "thread" : "restartedMain",
  "logger" : "com.Application",
  "message" : "Started Application in 10.266 seconds (JVM running for 12.871)",
  "context" : "default"
}
{
  "timestamp" : "2019-07-09 - 08:28:53.206Z",
  "level" : "INFO",
  "thread" : "restartedMain",
  "logger" : "com.Application",
  "message" : "Starting Application on DESKTOP-DECTVLC with PID 27944 (C:\\CODING\\GIT\\arNote\\target\\classes started by Anton Romanov in C:\\CODING\\GIT\\arNote)",
  "context" : "default"
}
{
  "timestamp" : "2019-07-09 - 08:28:53.230Z",
  "level" : "INFO",
  "thread" : "restartedMain",
  "logger" : "com.Application",
  "message" : "No active profile set, falling back to default profiles: default",
  "context" : "default"
}
{
  "timestamp" : "2019-07-09 - 08:28:56.402Z",
  "level" : "INFO",
  "thread" : "restartedMain",
  "logger" : "com.zaxxer.hikari.HikariDataSource",
  "message" : "HikariPool-1 - Starting...",
  "context" : "default"
}
{
  "timestamp" : "2019-07-09 - 08:28:56.520Z",
  "level" : "INFO",
  "thread" : "restartedMain",
  "logger" : "com.zaxxer.hikari.HikariDataSource",
  "message" : "HikariPool-1 - Start completed.",
  "context" : "default"
}
{
  "timestamp" : "2019-07-09 - 08:29:00.446Z",
  "level" : "INFO",
  "thread" : "restartedMain",
  "logger" : "com.Application",
  "message" : "Started Application in 7.635 seconds (JVM running for 9.333)",
  "context" : "default"
}
{
  "timestamp" : "2019-07-09 - 08:31:49.745Z",
  "level" : "INFO",
  "thread" : "restartedMain",
  "logger" : "com.Application",
  "message" : "Starting Application on DESKTOP-DECTVLC with PID 27164 (C:\\CODING\\GIT\\arNote\\target\\classes started by Anton Romanov in C:\\CODING\\GIT\\arNote)",
  "context" : "default"
}
{
  "timestamp" : "2019-07-09 - 08:31:49.764Z",
  "level" : "INFO",
  "thread" : "restartedMain",
  "logger" : "com.Application",
  "message" : "No active profile set, falling back to default profiles: default",
  "context" : "default"
}
{
  "timestamp" : "2019-07-09 - 08:31:53.318Z",
  "level" : "INFO",
  "thread" : "restartedMain",
  "logger" : "com.zaxxer.hikari.HikariDataSource",
  "message" : "HikariPool-1 - Starting...",
  "context" : "default"
}
{
  "timestamp" : "2019-07-09 - 08:31:53.425Z",
  "level" : "INFO",
  "thread" : "restartedMain",
  "logger" : "com.zaxxer.hikari.HikariDataSource",
  "message" : "HikariPool-1 - Start completed.",
  "context" : "default"
}
{
  "timestamp" : "2019-07-09 - 08:31:57.142Z",
  "level" : "INFO",
  "thread" : "restartedMain",
  "logger" : "com.Application",
  "message" : "Started Application in 7.8 seconds (JVM running for 9.389)",
  "context" : "default"
}
{
  "timestamp" : "2019-07-09 - 08:49:24.348Z",
  "level" : "INFO",
  "thread" : "restartedMain",
  "logger" : "com.Application",
  "message" : "Starting Application on DESKTOP-DECTVLC with PID 26356 (C:\\CODING\\GIT\\arNote\\target\\classes started by Anton Romanov in C:\\CODING\\GIT\\arNote)",
  "context" : "default"
}
{
  "timestamp" : "2019-07-09 - 08:49:24.379Z",
  "level" : "INFO",
  "thread" : "restartedMain",
  "logger" : "com.Application",
  "message" : "No active profile set, falling back to default profiles: default",
  "context" : "default"
}
{
  "timestamp" : "2019-07-09 - 08:49:27.550Z",
  "level" : "INFO",
  "thread" : "restartedMain",
  "logger" : "com.zaxxer.hikari.HikariDataSource",
  "message" : "HikariPool-1 - Starting...",
  "context" : "default"
}
{
  "timestamp" : "2019-07-09 - 08:49:27.649Z",
  "level" : "INFO",
  "thread" : "restartedMain",
  "logger" : "com.zaxxer.hikari.HikariDataSource",
  "message" : "HikariPool-1 - Start completed.",
  "context" : "default"
}
{
  "timestamp" : "2019-07-09 - 08:49:30.684Z",
  "level" : "INFO",
  "thread" : "restartedMain",
  "logger" : "com.Application",
  "message" : "Started Application in 6.789 seconds (JVM running for 8.58)",
  "context" : "default"
}
{
  "timestamp" : "2019-07-09 - 11:23:54.519Z",
  "level" : "INFO",
  "thread" : "restartedMain",
  "logger" : "com.Application",
  "message" : "Starting Application on DESKTOP-DECTVLC with PID 28732 (C:\\CODING\\GIT\\arNote\\target\\classes started by Anton Romanov in C:\\CODING\\GIT\\arNote)",
  "context" : "default"
}
{
  "timestamp" : "2019-07-09 - 11:23:54.545Z",
  "level" : "INFO",
  "thread" : "restartedMain",
  "logger" : "com.Application",
  "message" : "No active profile set, falling back to default profiles: default",
  "context" : "default"
}
{
  "timestamp" : "2019-07-09 - 11:23:57.507Z",
  "level" : "INFO",
  "thread" : "restartedMain",
  "logger" : "com.zaxxer.hikari.HikariDataSource",
  "message" : "HikariPool-1 - Starting...",
  "context" : "default"
}
{
  "timestamp" : "2019-07-09 - 11:23:57.604Z",
  "level" : "INFO",
  "thread" : "restartedMain",
  "logger" : "com.zaxxer.hikari.HikariDataSource",
  "message" : "HikariPool-1 - Start completed.",
  "context" : "default"
}
{
  "timestamp" : "2019-07-09 - 11:24:01.425Z",
  "level" : "INFO",
  "thread" : "restartedMain",
  "logger" : "com.Application",
  "message" : "Started Application in 7.319 seconds (JVM running for 8.867)",
  "context" : "default"
}
{
  "timestamp" : "2019-07-09 - 11:34:32.354Z",
  "level" : "INFO",
  "thread" : "restartedMain",
  "logger" : "com.Application",
  "message" : "Starting Application on DESKTOP-DECTVLC with PID 5512 (C:\\CODING\\GIT\\arNote\\target\\classes started by Anton Romanov in C:\\CODING\\GIT\\arNote)",
  "context" : "default"
}
{
  "timestamp" : "2019-07-09 - 11:34:32.389Z",
  "level" : "INFO",
  "thread" : "restartedMain",
  "logger" : "com.Application",
  "message" : "No active profile set, falling back to default profiles: default",
  "context" : "default"
}
{
  "timestamp" : "2019-07-09 - 11:34:36.149Z",
  "level" : "INFO",
  "thread" : "restartedMain",
  "logger" : "com.zaxxer.hikari.HikariDataSource",
  "message" : "HikariPool-1 - Starting...",
  "context" : "default"
}
{
  "timestamp" : "2019-07-09 - 11:34:36.261Z",
  "level" : "INFO",
  "thread" : "restartedMain",
  "logger" : "com.zaxxer.hikari.HikariDataSource",
  "message" : "HikariPool-1 - Start completed.",
  "context" : "default"
}
{
  "timestamp" : "2019-07-09 - 11:34:40.142Z",
  "level" : "INFO",
  "thread" : "restartedMain",
  "logger" : "com.Application",
  "message" : "Started Application in 8.349 seconds (JVM running for 9.97)",
  "context" : "default"
}
{
  "timestamp" : "2019-07-09 - 12:52:45.282Z",
  "level" : "INFO",
  "thread" : "restartedMain",
  "logger" : "com.Application",
  "message" : "Starting Application on DESKTOP-DECTVLC with PID 32116 (C:\\CODING\\GIT\\arNote\\target\\classes started by Anton Romanov in C:\\CODING\\GIT\\arNote)",
  "context" : "default"
}
{
  "timestamp" : "2019-07-09 - 12:52:45.306Z",
  "level" : "INFO",
  "thread" : "restartedMain",
  "logger" : "com.Application",
  "message" : "No active profile set, falling back to default profiles: default",
  "context" : "default"
}
{
  "timestamp" : "2019-07-09 - 12:52:48.604Z",
  "level" : "INFO",
  "thread" : "restartedMain",
  "logger" : "com.zaxxer.hikari.HikariDataSource",
  "message" : "HikariPool-1 - Starting...",
  "context" : "default"
}
{
  "timestamp" : "2019-07-09 - 12:52:48.713Z",
  "level" : "INFO",
  "thread" : "restartedMain",
  "logger" : "com.zaxxer.hikari.HikariDataSource",
  "message" : "HikariPool-1 - Start completed.",
  "context" : "default"
}
{
  "timestamp" : "2019-07-09 - 12:52:52.659Z",
  "level" : "INFO",
  "thread" : "restartedMain",
  "logger" : "com.Application",
  "message" : "Started Application in 7.76 seconds (JVM running for 9.522)",
  "context" : "default"
}
{
  "timestamp" : "2019-07-09 - 13:53:12.191Z",
  "level" : "INFO",
  "thread" : "restartedMain",
  "logger" : "com.Application",
  "message" : "Starting Application on DESKTOP-DECTVLC with PID 25940 (C:\\CODING\\GIT\\arNote\\target\\classes started by Anton Romanov in C:\\CODING\\GIT\\arNote)",
  "context" : "default"
}
{
  "timestamp" : "2019-07-09 - 13:53:12.213Z",
  "level" : "INFO",
  "thread" : "restartedMain",
  "logger" : "com.Application",
  "message" : "No active profile set, falling back to default profiles: default",
  "context" : "default"
}
{
  "timestamp" : "2019-07-09 - 13:53:15.228Z",
  "level" : "INFO",
  "thread" : "restartedMain",
  "logger" : "com.zaxxer.hikari.HikariDataSource",
  "message" : "HikariPool-1 - Starting...",
  "context" : "default"
}
{
  "timestamp" : "2019-07-09 - 13:53:15.327Z",
  "level" : "INFO",
  "thread" : "restartedMain",
  "logger" : "com.zaxxer.hikari.HikariDataSource",
  "message" : "HikariPool-1 - Start completed.",
  "context" : "default"
}
{
  "timestamp" : "2019-07-09 - 13:53:18.529Z",
  "level" : "INFO",
  "thread" : "restartedMain",
  "logger" : "com.Application",
  "message" : "Started Application in 6.68 seconds (JVM running for 8.183)",
  "context" : "default"
}
{
  "timestamp" : "2019-07-09 - 14:19:12.876Z",
  "level" : "INFO",
  "thread" : "restartedMain",
  "logger" : "com.Application",
  "message" : "Starting Application on DESKTOP-DECTVLC with PID 30436 (C:\\CODING\\GIT\\arNote\\target\\classes started by Anton Romanov in C:\\CODING\\GIT\\arNote)",
  "context" : "default"
}
{
  "timestamp" : "2019-07-09 - 14:19:12.897Z",
  "level" : "INFO",
  "thread" : "restartedMain",
  "logger" : "com.Application",
  "message" : "No active profile set, falling back to default profiles: default",
  "context" : "default"
}
{
  "timestamp" : "2019-07-09 - 14:19:15.885Z",
  "level" : "INFO",
  "thread" : "restartedMain",
  "logger" : "com.zaxxer.hikari.HikariDataSource",
  "message" : "HikariPool-1 - Starting...",
  "context" : "default"
}
{
  "timestamp" : "2019-07-09 - 14:19:15.974Z",
  "level" : "INFO",
  "thread" : "restartedMain",
  "logger" : "com.zaxxer.hikari.HikariDataSource",
  "message" : "HikariPool-1 - Start completed.",
  "context" : "default"
}
{
  "timestamp" : "2019-07-09 - 14:19:19.129Z",
  "level" : "INFO",
  "thread" : "restartedMain",
  "logger" : "com.Application",
  "message" : "Started Application in 6.644 seconds (JVM running for 8.202)",
  "context" : "default"
}
